2016-04-29 11:32:31, Info                  DISM   PID=648 TID=3480 Scratch directory set to 'C:\Users\Chris\AppData\Local\Temp\'. - CDISMManager::put_ScratchDir
2016-04-29 11:32:31, Info                  DISM   PID=648 TID=3480 DismCore.dll version: 10.0.14316.1000 - CDISMManager::FinalConstruct
2016-04-29 11:32:31, Info                  DISM   PID=648 TID=3480 Successfully loaded the ImageSession at "C:\WINDOWS\System32\Dism" - CDISMManager::LoadLocalImageSession
2016-04-29 11:32:31, Info                  DISM   DISM Provider Store: PID=648 TID=3480 Found and Initialized the DISM Logger. - CDISMProviderStore::Internal_InitializeLogger
2016-04-29 11:32:31, Info                  DISM   DISM Provider Store: PID=648 TID=3480 Failed to get and initialize the PE Provider.  Continuing by assuming that it is not a WinPE image. - CDISMProviderStore::Final_OnConnect
2016-04-29 11:32:31, Info                  DISM   DISM Provider Store: PID=648 TID=3480 Finished initializing the Provider Map. - CDISMProviderStore::Final_OnConnect
2016-04-29 11:32:31, Info                  DISM   DISM Provider Store: PID=648 TID=3480 Getting Provider DISMLogger - CDISMProviderStore::GetProvider
2016-04-29 11:32:31, Info                  DISM   DISM Provider Store: PID=648 TID=3480 Provider has previously been initialized.  Returning the existing instance. - CDISMProviderStore::Internal_GetProvider
2016-04-29 11:32:31, Info                  DISM   DISM Provider Store: PID=648 TID=3480 Getting Provider DISMLogger - CDISMProviderStore::GetProvider
2016-04-29 11:32:31, Info                  DISM   DISM Provider Store: PID=648 TID=3480 Provider has previously been initialized.  Returning the existing instance. - CDISMProviderStore::Internal_GetProvider
2016-04-29 11:32:31, Info                  DISM   DISM Manager: PID=648 TID=3480 Successfully created the local image session and provider store. - CDISMManager::CreateLocalImageSession
2016-04-29 11:32:31, Info                  DISM   DISM Provider Store: PID=648 TID=3480 Getting Provider DISMLogger - CDISMProviderStore::GetProvider
2016-04-29 11:32:31, Info                  DISM   DISM Provider Store: PID=648 TID=3480 Provider has previously been initialized.  Returning the existing instance. - CDISMProviderStore::Internal_GetProvider
2016-04-29 11:32:31, Info                  DISM   DISM.EXE: 
2016-04-29 11:32:31, Info                  DISM   DISM.EXE: <----- Starting Dism.exe session ----->
2016-04-29 11:32:31, Info                  DISM   DISM.EXE: 
2016-04-29 11:32:31, Info                  DISM   DISM.EXE: Host machine information: OS Version=10.0.14316, Running architecture=amd64, Number of processors=2
2016-04-29 11:32:31, Info                  DISM   DISM.EXE: Dism.exe version: 10.0.14316.1000
2016-04-29 11:32:31, Info                  DISM   DISM.EXE: Executing command line: DISM.exe  /Online /Cleanup-image /Restorehealth
2016-04-29 11:32:31, Info                  DISM   DISM Provider Store: PID=648 TID=3480 Getting Provider FolderManager - CDISMProviderStore::GetProvider
2016-04-29 11:32:31, Info                  DISM   DISM Provider Store: PID=648 TID=3480 Provider has not previously been encountered.  Attempting to initialize the provider. - CDISMProviderStore::Internal_GetProvider
2016-04-29 11:32:31, Info                  DISM   DISM Provider Store: PID=648 TID=3480 Loading Provider from location C:\WINDOWS\System32\Dism\FolderProvider.dll - CDISMProviderStore::Internal_GetProvider
2016-04-29 11:32:31, Info                  DISM   DISM Provider Store: PID=648 TID=3480 Connecting to the provider located at C:\WINDOWS\System32\Dism\FolderProvider.dll. - CDISMProviderStore::Internal_LoadProvider
2016-04-29 11:32:31, Info                  DISM   DISM Manager: PID=648 TID=3480 physical location path: C:\ - CDISMManager::CreateImageSession
2016-04-29 11:32:31, Info                  DISM   DISM Manager: PID=648 TID=3480 Event name for current DISM session is Global\{6405EAFF-B101-4117-A01D-085C89A6186F} - CDISMManager::CheckSessionAndLock
2016-04-29 11:32:31, Info                  DISM   DISM Manager: PID=648 TID=3480 Create session event 0x16c for current DISM session and event name is Global\{6405EAFF-B101-4117-A01D-085C89A6186F}  - CDISMManager::CheckSessionAndLock
2016-04-29 11:32:31, Info                  DISM   DISM Manager: PID=648 TID=3480 Copying DISM from "C:\WINDOWS\System32\Dism" - CDISMManager::CreateImageSessionFromLocation
2016-04-29 11:32:32, Info                  DISM   DISM Manager: PID=648 TID=3480 Successfully loaded the ImageSession at "C:\Users\Chris\AppData\Local\Temp\231B5803-A88E-48CB-B1F0-A4062016D556" - CDISMManager::LoadRemoteImageSession
2016-04-29 11:32:32, Info                  DISM   DISM Image Session: PID=7464 TID=7360 Instantiating the Provider Store. - CDISMImageSession::get_ProviderStore
2016-04-29 11:32:32, Info                  DISM   DISM Provider Store: PID=7464 TID=7360 Initializing a provider store for the IMAGE session type. - CDISMProviderStore::Final_OnConnect
2016-04-29 11:32:32, Info                  DISM   DISM Provider Store: PID=7464 TID=7360 Provider has not previously been encountered.  Attempting to initialize the provider. - CDISMProviderStore::Internal_GetProvider
2016-04-29 11:32:32, Info                  DISM   DISM Provider Store: PID=7464 TID=7360 Loading Provider from location C:\Users\Chris\AppData\Local\Temp\231B5803-A88E-48CB-B1F0-A4062016D556\OSProvider.dll - CDISMProviderStore::Internal_GetProvider
2016-04-29 11:32:32, Info                  DISM   DISM Provider Store: PID=7464 TID=7360 Connecting to the provider located at C:\Users\Chris\AppData\Local\Temp\231B5803-A88E-48CB-B1F0-A4062016D556\OSProvider.dll. - CDISMProviderStore::Internal_LoadProvider
2016-04-29 11:32:32, Info                  DISM   DISM OS Provider: PID=7464 TID=7360 Defaulting SystemPath to C:\ - CDISMOSServiceManager::Final_OnConnect
2016-04-29 11:32:32, Info                  DISM   DISM OS Provider: PID=7464 TID=7360 Defaulting Windows folder to C:\Windows - CDISMOSServiceManager::Final_OnConnect
2016-04-29 11:32:32, Info                  DISM   DISM OS Provider: PID=7464 TID=7360 Host OS verion is 10.0 - CDISMOSServiceManager::SetDllSearchPath
2016-04-29 11:32:32, Warning               DISM   DISM OS Provider: PID=7464 TID=7360 Unable to set the DLL search path to the servicing stack folder. C:\Windows may not point to a valid Windows folder. - CDISMOSServiceManager::Final_OnConnect
2016-04-29 11:32:32, Info                  DISM   DISM Provider Store: PID=7464 TID=7360 Attempting to initialize the logger from the Image Session. - CDISMProviderStore::Final_OnConnect
2016-04-29 11:32:32, Info                  DISM   DISM Provider Store: PID=7464 TID=7360 Provider has not previously been encountered.  Attempting to initialize the provider. - CDISMProviderStore::Internal_GetProvider
2016-04-29 11:32:32, Info                  DISM   DISM Provider Store: PID=7464 TID=7360 Loading Provider from location C:\Users\Chris\AppData\Local\Temp\231B5803-A88E-48CB-B1F0-A4062016D556\LogProvider.dll - CDISMProviderStore::Internal_GetProvider
2016-04-29 11:32:32, Info                  DISM   DISM Provider Store: PID=7464 TID=7360 Connecting to the provider located at C:\Users\Chris\AppData\Local\Temp\231B5803-A88E-48CB-B1F0-A4062016D556\LogProvider.dll. - CDISMProviderStore::Internal_LoadProvider
2016-04-29 11:32:32, Info                  DISM   DISM Provider Store: PID=7464 TID=7360 Found and Initialized the DISM Logger. - CDISMProviderStore::Internal_InitializeLogger
2016-04-29 11:32:32, Info                  DISM   DISM Provider Store: PID=7464 TID=7360 Provider has not previously been encountered.  Attempting to initialize the provider. - CDISMProviderStore::Internal_GetProvider
2016-04-29 11:32:32, Info                  DISM   DISM Provider Store: PID=7464 TID=7360 Loading Provider from location C:\Users\Chris\AppData\Local\Temp\231B5803-A88E-48CB-B1F0-A4062016D556\PEProvider.dll - CDISMProviderStore::Internal_GetProvider
2016-04-29 11:32:32, Warning               DISM   DISM Provider Store: PID=7464 TID=7360 Failed to Load the provider: C:\Users\Chris\AppData\Local\Temp\231B5803-A88E-48CB-B1F0-A4062016D556\PEProvider.dll. - CDISMProviderStore::Internal_GetProvider(hr:0x8007007e)
2016-04-29 11:32:32, Info                  DISM   DISM Provider Store: PID=7464 TID=7360 Failed to get and initialize the PE Provider.  Continuing by assuming that it is not a WinPE image. - CDISMProviderStore::Final_OnConnect
2016-04-29 11:32:32, Info                  DISM   DISM Provider Store: PID=7464 TID=7360 Finished initializing the Provider Map. - CDISMProviderStore::Final_OnConnect
2016-04-29 11:32:32, Info                  DISM   DISM Provider Store: PID=7464 TID=7360 Getting Provider DISMLogger - CDISMProviderStore::GetProvider
2016-04-29 11:32:32, Info                  DISM   DISM Provider Store: PID=7464 TID=7360 Provider has previously been initialized.  Returning the existing instance. - CDISMProviderStore::Internal_GetProvider
2016-04-29 11:32:32, Info                  DISM   DISM Manager: PID=648 TID=3480 Image session successfully loaded from the temporary location: C:\Users\Chris\AppData\Local\Temp\231B5803-A88E-48CB-B1F0-A4062016D556 - CDISMManager::CreateImageSession
2016-04-29 11:32:32, Info                  DISM   DISM Provider Store: PID=7464 TID=7360 Getting Provider OSServices - CDISMProviderStore::GetProvider
2016-04-29 11:32:32, Info                  DISM   DISM Provider Store: PID=7464 TID=7360 Provider has previously been initialized.  Returning the existing instance. - CDISMProviderStore::Internal_GetProvider
2016-04-29 11:32:32, Info                  DISM   DISM.EXE: Target image information: OS Version=10.0.14316.1000, Image architecture=amd64
2016-04-29 11:32:32, Info                  DISM   DISM Provider Store: PID=7464 TID=7360 Getting the collection of providers from an image provider store type. - CDISMProviderStore::GetProviderCollection
2016-04-29 11:32:32, Info                  DISM   DISM Provider Store: PID=7464 TID=7360 Provider has not previously been encountered.  Attempting to initialize the provider. - CDISMProviderStore::Internal_GetProvider
2016-04-29 11:32:32, Info                  DISM   DISM Provider Store: PID=7464 TID=7360 Loading Provider from location C:\Users\Chris\AppData\Local\Temp\231B5803-A88E-48CB-B1F0-A4062016D556\CbsProvider.dll - CDISMProviderStore::Internal_GetProvider
2016-04-29 11:32:32, Info                  DISM   DISM Provider Store: PID=7464 TID=7360 Connecting to the provider located at C:\Users\Chris\AppData\Local\Temp\231B5803-A88E-48CB-B1F0-A4062016D556\CbsProvider.dll. - CDISMProviderStore::Internal_LoadProvider
2016-04-29 11:32:32, Info                  DISM   DISM Provider Store: PID=7464 TID=7360 Encountered a servicing provider, performing additional servicing initializations. - CDISMProviderStore::Internal_LoadProvider
2016-04-29 11:32:34, Info                  DISM   DISM Package Manager: PID=7464 TID=7360 Finished initializing the CbsConUI Handler. - CCbsConUIHandler::Initialize
2016-04-29 11:32:34, Info                  DISM   DISM Package Manager: PID=7464 TID=7360 CBS is being initialized for online use. More information about CBS actions can be located at: %windir%\logs\cbs\cbs.log - CDISMPackageManager::Initialize
2016-04-29 11:32:34, Info                  DISM   DISM Package Manager: PID=7464 TID=7360 Loaded servicing stack for online use only. - CDISMPackageManager::RefreshInstanceAndLock
2016-04-29 11:32:34, Info                  DISM   DISM Provider Store: PID=7464 TID=7360 Provider has not previously been encountered.  Attempting to initialize the provider. - CDISMProviderStore::Internal_GetProvider
2016-04-29 11:32:34, Info                  DISM   DISM Provider Store: PID=7464 TID=7360 Loading Provider from location C:\Users\Chris\AppData\Local\Temp\231B5803-A88E-48CB-B1F0-A4062016D556\MsiProvider.dll - CDISMProviderStore::Internal_GetProvider
2016-04-29 11:32:34, Info                  DISM   DISM Provider Store: PID=7464 TID=7360 Connecting to the provider located at C:\Users\Chris\AppData\Local\Temp\231B5803-A88E-48CB-B1F0-A4062016D556\MsiProvider.dll. - CDISMProviderStore::Internal_LoadProvider
2016-04-29 11:32:34, Info                  DISM   DISM Provider Store: PID=7464 TID=7360 Encountered a servicing provider, performing additional servicing initializations. - CDISMProviderStore::Internal_LoadProvider
2016-04-29 11:32:34, Info                  DISM   DISM Provider Store: PID=7464 TID=7360 Provider has not previously been encountered.  Attempting to initialize the provider. - CDISMProviderStore::Internal_GetProvider
2016-04-29 11:32:34, Info                  DISM   DISM Provider Store: PID=7464 TID=7360 Loading Provider from location C:\Users\Chris\AppData\Local\Temp\231B5803-A88E-48CB-B1F0-A4062016D556\IntlProvider.dll - CDISMProviderStore::Internal_GetProvider
2016-04-29 11:32:34, Info                  DISM   DISM Provider Store: PID=7464 TID=7360 Connecting to the provider located at C:\Users\Chris\AppData\Local\Temp\231B5803-A88E-48CB-B1F0-A4062016D556\IntlProvider.dll. - CDISMProviderStore::Internal_LoadProvider
2016-04-29 11:32:34, Info                  DISM   DISM Provider Store: PID=7464 TID=7360 Encountered a servicing provider, performing additional servicing initializations. - CDISMProviderStore::Internal_LoadProvider
2016-04-29 11:32:34, Info                  DISM   DISM Provider Store: PID=7464 TID=7360 Provider has not previously been encountered.  Attempting to initialize the provider. - CDISMProviderStore::Internal_GetProvider
2016-04-29 11:32:34, Info                  DISM   DISM Provider Store: PID=7464 TID=7360 Loading Provider from location C:\Users\Chris\AppData\Local\Temp\231B5803-A88E-48CB-B1F0-A4062016D556\IBSProvider.dll - CDISMProviderStore::Internal_GetProvider
2016-04-29 11:32:34, Info                  DISM   DISM Provider Store: PID=7464 TID=7360 Connecting to the provider located at C:\Users\Chris\AppData\Local\Temp\231B5803-A88E-48CB-B1F0-A4062016D556\IBSProvider.dll. - CDISMProviderStore::Internal_LoadProvider
2016-04-29 11:32:34, Info                  DISM   DISM Provider Store: PID=7464 TID=7360 Encountered a servicing provider, performing additional servicing initializations. - CDISMProviderStore::Internal_LoadProvider
2016-04-29 11:32:34, Info                  DISM   DISM Provider Store: PID=7464 TID=7360 Provider has not previously been encountered.  Attempting to initialize the provider. - CDISMProviderStore::Internal_GetProvider
2016-04-29 11:32:34, Info                  DISM   DISM Provider Store: PID=7464 TID=7360 Loading Provider from location C:\Users\Chris\AppData\Local\Temp\231B5803-A88E-48CB-B1F0-A4062016D556\DmiProvider.dll - CDISMProviderStore::Internal_GetProvider
2016-04-29 11:32:34, Info                  DISM   DISM Provider Store: PID=7464 TID=7360 Connecting to the provider located at C:\Users\Chris\AppData\Local\Temp\231B5803-A88E-48CB-B1F0-A4062016D556\DmiProvider.dll. - CDISMProviderStore::Internal_LoadProvider
2016-04-29 11:32:34, Info                  DISM   DISM Provider Store: PID=7464 TID=7360 Encountered a servicing provider, performing additional servicing initializations. - CDISMProviderStore::Internal_LoadProvider
2016-04-29 11:32:34, Info                  DISM   DISM OS Provider: PID=7464 TID=7360 Successfully loaded the hive. - CDISMOSServiceManager::DetermineBootDrive
2016-04-29 11:32:34, Info                  DISM   DISM Driver Manager: PID=7464 TID=7360 Further logs for driver related operations can be found in the target operating system at %WINDIR%\inf\setupapi.offline.log - CDriverManager::Initialize
2016-04-29 11:32:34, Info                  DISM   DISM Provider Store: PID=7464 TID=7360 Provider has not previously been encountered.  Attempting to initialize the provider. - CDISMProviderStore::Internal_GetProvider
2016-04-29 11:32:34, Info                  DISM   DISM Provider Store: PID=7464 TID=7360 Loading Provider from location C:\Users\Chris\AppData\Local\Temp\231B5803-A88E-48CB-B1F0-A4062016D556\UnattendProvider.dll - CDISMProviderStore::Internal_GetProvider
2016-04-29 11:32:34, Info                  DISM   DISM Provider Store: PID=7464 TID=7360 Connecting to the provider located at C:\Users\Chris\AppData\Local\Temp\231B5803-A88E-48CB-B1F0-A4062016D556\UnattendProvider.dll. - CDISMProviderStore::Internal_LoadProvider
2016-04-29 11:32:34, Info                  DISM   DISM Provider Store: PID=7464 TID=7360 Encountered a servicing provider, performing additional servicing initializations. - CDISMProviderStore::Internal_LoadProvider
2016-04-29 11:32:34, Info                  DISM   DISM Provider Store: PID=7464 TID=7360 Provider has not previously been encountered.  Attempting to initialize the provider. - CDISMProviderStore::Internal_GetProvider
2016-04-29 11:32:34, Info                  DISM   DISM Provider Store: PID=7464 TID=7360 Loading Provider from location C:\Users\Chris\AppData\Local\Temp\231B5803-A88E-48CB-B1F0-A4062016D556\SmiProvider.dll - CDISMProviderStore::Internal_GetProvider
2016-04-29 11:32:34, Info                  DISM   DISM Provider Store: PID=7464 TID=7360 Connecting to the provider located at C:\Users\Chris\AppData\Local\Temp\231B5803-A88E-48CB-B1F0-A4062016D556\SmiProvider.dll. - CDISMProviderStore::Internal_LoadProvider
2016-04-29 11:32:34, Info                  DISM   DISM Provider Store: PID=7464 TID=7360 Encountered a servicing provider, performing additional servicing initializations. - CDISMProviderStore::Internal_LoadProvider
2016-04-29 11:32:34, Info                  DISM   DISM Provider Store: PID=7464 TID=7360 Provider has not previously been encountered.  Attempting to initialize the provider. - CDISMProviderStore::Internal_GetProvider
2016-04-29 11:32:34, Info                  DISM   DISM Provider Store: PID=7464 TID=7360 Loading Provider from location C:\Users\Chris\AppData\Local\Temp\231B5803-A88E-48CB-B1F0-A4062016D556\EmbeddedProvider.dll - CDISMProviderStore::Internal_GetProvider
2016-04-29 11:32:34, Warning               DISM   DISM Provider Store: PID=7464 TID=7360 Failed to Load the provider: C:\Users\Chris\AppData\Local\Temp\231B5803-A88E-48CB-B1F0-A4062016D556\EmbeddedProvider.dll. - CDISMProviderStore::Internal_GetProvider(hr:0x8007007e)
2016-04-29 11:32:34, Info                  DISM   DISM Provider Store: PID=7464 TID=7360 Provider has not previously been encountered.  Attempting to initialize the provider. - CDISMProviderStore::Internal_GetProvider
2016-04-29 11:32:34, Info                  DISM   DISM Provider Store: PID=7464 TID=7360 Loading Provider from location C:\Users\Chris\AppData\Local\Temp\231B5803-A88E-48CB-B1F0-A4062016D556\AppxProvider.dll - CDISMProviderStore::Internal_GetProvider
2016-04-29 11:32:34, Info                  DISM   DISM Provider Store: PID=7464 TID=7360 Connecting to the provider located at C:\Users\Chris\AppData\Local\Temp\231B5803-A88E-48CB-B1F0-A4062016D556\AppxProvider.dll. - CDISMProviderStore::Internal_LoadProvider
2016-04-29 11:32:34, Info                  DISM   DISM Provider Store: PID=7464 TID=7360 Encountered a servicing provider, performing additional servicing initializations. - CDISMProviderStore::Internal_LoadProvider
2016-04-29 11:32:34, Info                  DISM   DISM Provider Store: PID=7464 TID=7360 Provider has not previously been encountered.  Attempting to initialize the provider. - CDISMProviderStore::Internal_GetProvider
2016-04-29 11:32:34, Info                  DISM   DISM Provider Store: PID=7464 TID=7360 Loading Provider from location C:\Users\Chris\AppData\Local\Temp\231B5803-A88E-48CB-B1F0-A4062016D556\ProvProvider.dll - CDISMProviderStore::Internal_GetProvider
2016-04-29 11:32:34, Info                  DISM   DISM Provider Store: PID=7464 TID=7360 Connecting to the provider located at C:\Users\Chris\AppData\Local\Temp\231B5803-A88E-48CB-B1F0-A4062016D556\ProvProvider.dll. - CDISMProviderStore::Internal_LoadProvider
2016-04-29 11:32:34, Info                  DISM   DISM Provider Store: PID=7464 TID=7360 Encountered a servicing provider, performing additional servicing initializations. - CDISMProviderStore::Internal_LoadProvider
2016-04-29 11:32:34, Info                  DISM   DISM Provider Store: PID=7464 TID=7360 Provider has not previously been encountered.  Attempting to initialize the provider. - CDISMProviderStore::Internal_GetProvider
2016-04-29 11:32:34, Info                  DISM   DISM Provider Store: PID=7464 TID=7360 Loading Provider from location C:\Users\Chris\AppData\Local\Temp\231B5803-A88E-48CB-B1F0-A4062016D556\AssocProvider.dll - CDISMProviderStore::Internal_GetProvider
2016-04-29 11:32:34, Info                  DISM   DISM Provider Store: PID=7464 TID=7360 Connecting to the provider located at C:\Users\Chris\AppData\Local\Temp\231B5803-A88E-48CB-B1F0-A4062016D556\AssocProvider.dll. - CDISMProviderStore::Internal_LoadProvider
2016-04-29 11:32:34, Info                  DISM   DISM Provider Store: PID=7464 TID=7360 Encountered a servicing provider, performing additional servicing initializations. - CDISMProviderStore::Internal_LoadProvider
2016-04-29 11:32:34, Info                  DISM   DISM Provider Store: PID=7464 TID=7360 Provider has not previously been encountered.  Attempting to initialize the provider. - CDISMProviderStore::Internal_GetProvider
2016-04-29 11:32:34, Info                  DISM   DISM Provider Store: PID=7464 TID=7360 Loading Provider from location C:\Users\Chris\AppData\Local\Temp\231B5803-A88E-48CB-B1F0-A4062016D556\GenericProvider.dll - CDISMProviderStore::Internal_GetProvider
2016-04-29 11:32:34, Info                  DISM   DISM Provider Store: PID=7464 TID=7360 Connecting to the provider located at C:\Users\Chris\AppData\Local\Temp\231B5803-A88E-48CB-B1F0-A4062016D556\GenericProvider.dll. - CDISMProviderStore::Internal_LoadProvider
2016-04-29 11:32:34, Info                  DISM   DISM Provider Store: PID=7464 TID=7360 Encountered a servicing provider, performing additional servicing initializations. - CDISMProviderStore::Internal_LoadProvider
2016-04-29 11:32:34, Info                  DISM   DISM Provider Store: PID=7464 TID=7360 Provider has not previously been encountered.  Attempting to initialize the provider. - CDISMProviderStore::Internal_GetProvider
2016-04-29 11:32:34, Info                  DISM   DISM Provider Store: PID=7464 TID=7360 Loading Provider from location C:\Users\Chris\AppData\Local\Temp\231B5803-A88E-48CB-B1F0-A4062016D556\OfflineSetupProvider.dll - CDISMProviderStore::Internal_GetProvider
2016-04-29 11:32:34, Info                  DISM   DISM Provider Store: PID=7464 TID=7360 Connecting to the provider located at C:\Users\Chris\AppData\Local\Temp\231B5803-A88E-48CB-B1F0-A4062016D556\OfflineSetupProvider.dll. - CDISMProviderStore::Internal_LoadProvider
2016-04-29 11:32:34, Info                  DISM   DISM Provider Store: PID=7464 TID=7360 Encountered a servicing provider, performing additional servicing initializations. - CDISMProviderStore::Internal_LoadProvider
2016-04-29 11:32:34, Info                  DISM   DISM Provider Store: PID=7464 TID=7360 Provider has not previously been encountered.  Attempting to initialize the provider. - CDISMProviderStore::Internal_GetProvider
2016-04-29 11:32:34, Info                  DISM   DISM Provider Store: PID=7464 TID=7360 Loading Provider from location C:\Users\Chris\AppData\Local\Temp\231B5803-A88E-48CB-B1F0-A4062016D556\TransmogProvider.dll - CDISMProviderStore::Internal_GetProvider
2016-04-29 11:32:34, Info                  DISM   DISM Provider Store: PID=7464 TID=7360 Connecting to the provider located at C:\Users\Chris\AppData\Local\Temp\231B5803-A88E-48CB-B1F0-A4062016D556\TransmogProvider.dll. - CDISMProviderStore::Internal_LoadProvider
2016-04-29 11:32:34, Info                  DISM   DISM Provider Store: PID=7464 TID=7360 Encountered a servicing provider, performing additional servicing initializations. - CDISMProviderStore::Internal_LoadProvider
2016-04-29 11:32:34, Info                  DISM   DISM Transmog Provider: PID=7464 TID=7360 Current image session is [ONLINE] - CTransmogManager::GetMode
2016-04-29 11:32:34, Info                  DISM   DISM Transmog Provider: PID=7464 TID=7360 Audit Mode: [No] - CTransmogManager::Initialize
2016-04-29 11:32:34, Info                  DISM   DISM Transmog Provider: PID=7464 TID=7360 GetProductType: ProductType = [WinNT] - CTransmogManager::GetProductType
2016-04-29 11:32:34, Info                  DISM   DISM Transmog Provider: PID=7464 TID=7360 Product Type: [WinNT] - CTransmogManager::Initialize
2016-04-29 11:32:34, Info                  DISM   DISM Transmog Provider: PID=7464 TID=7360 Product Type ServerNT : [No] - CTransmogManager::Initialize
2016-04-29 11:32:34, Info                  DISM   DISM.EXE: Got the collection of providers. Now enumerating them to build the command table.
2016-04-29 11:32:34, Info                  DISM   DISM.EXE: Attempting to add the commands from provider: DISM Log Provider
2016-04-29 11:32:34, Info                  DISM   DISM.EXE: Attempting to add the commands from provider: OSServices
2016-04-29 11:32:34, Info                  DISM   DISM.EXE: Attempting to add the commands from provider: DISM Package Manager
2016-04-29 11:32:34, Info                  DISM   DISM.EXE: Succesfully registered commands for the provider: DISM Package Manager.
2016-04-29 11:32:34, Info                  DISM   DISM.EXE: Attempting to add the commands from provider: MsiManager
2016-04-29 11:32:34, Info                  DISM   DISM.EXE: Succesfully registered commands for the provider: MsiManager.
2016-04-29 11:32:34, Info                  DISM   DISM.EXE: Attempting to add the commands from provider: IntlManager
2016-04-29 11:32:34, Info                  DISM   DISM.EXE: Succesfully registered commands for the provider: IntlManager.
2016-04-29 11:32:34, Info                  DISM   DISM.EXE: Attempting to add the commands from provider: IBSManager
2016-04-29 11:32:34, Info                  DISM   DISM.EXE: Attempting to add the commands from provider: DriverManager
2016-04-29 11:32:34, Info                  DISM   DISM.EXE: Succesfully registered commands for the provider: DriverManager.
2016-04-29 11:32:34, Info                  DISM   DISM.EXE: Attempting to add the commands from provider: DISM Unattend Manager
2016-04-29 11:32:34, Info                  DISM   DISM.EXE: Succesfully registered commands for the provider: DISM Unattend Manager.
2016-04-29 11:32:34, Info                  DISM   DISM.EXE: Attempting to add the commands from provider: SmiManager
2016-04-29 11:32:34, Info                  DISM   DISM.EXE: Attempting to add the commands from provider: AppxManager
2016-04-29 11:32:34, Info                  DISM   DISM.EXE: Succesfully registered commands for the provider: AppxManager.
2016-04-29 11:32:34, Info                  DISM   DISM.EXE: Attempting to add the commands from provider: ProvManager
2016-04-29 11:32:34, Info                  DISM   DISM.EXE: Succesfully registered commands for the provider: ProvManager.
2016-04-29 11:32:34, Info                  DISM   DISM.EXE: Attempting to add the commands from provider: AssocManager
2016-04-29 11:32:34, Info                  DISM   DISM.EXE: Succesfully registered commands for the provider: AssocManager.
2016-04-29 11:32:34, Info                  DISM   DISM.EXE: Attempting to add the commands from provider: GenericManager
2016-04-29 11:32:34, Info                  DISM   DISM.EXE: Succesfully registered commands for the provider: GenericManager.
2016-04-29 11:32:34, Info                  DISM   DISM.EXE: Attempting to add the commands from provider: OfflineSetupManager
2016-04-29 11:32:34, Info                  DISM   DISM.EXE: Succesfully registered commands for the provider: OfflineSetupManager.
2016-04-29 11:32:34, Info                  DISM   DISM.EXE: Attempting to add the commands from provider: Edition Manager
2016-04-29 11:32:34, Info                  DISM   DISM.EXE: Succesfully registered commands for the provider: Edition Manager.
2016-04-29 11:32:34, Info                  DISM   DISM Provider Store: PID=7464 TID=7360 Getting Provider DISM Package Manager - CDISMProviderStore::GetProvider
2016-04-29 11:32:34, Info                  DISM   DISM Provider Store: PID=7464 TID=7360 Provider has previously been initialized.  Returning the existing instance. - CDISMProviderStore::Internal_GetProvider
2016-04-29 11:32:34, Info                  DISM   DISM Package Manager: PID=7464 TID=7360 Processing the top level command token(cleanup-image). - CPackageManagerCLIHandler::Private_ValidateCmdLine
2016-04-29 11:32:34, Info                  DISM   DISM Package Manager: PID=7464 TID=7360 Attempting to route to appropriate command handler. - CPackageManagerCLIHandler::ExecuteCmdLine
2016-04-29 11:32:34, Info                  DISM   DISM Package Manager: PID=7464 TID=7360 Routing the command... - CPackageManagerCLIHandler::ExecuteCmdLine
2016-04-29 11:32:34, Info                  DISM   DISM Package Manager: PID=7464 TID=7360 CBS session options=0x40100! - CDISMPackageManager::Internal_Finalize
2016-04-29 11:36:07, Error                 DISM   DISM Package Manager: PID=7464 TID=7360 Failed finalizing changes. - CDISMPackageManager::Internal_Finalize(hr:0x800706be)
2016-04-29 11:36:07, Error                 DISM   DISM Package Manager: PID=7464 TID=7360 Failed processing package changes with session option CbsSessionOptionRepairStoreCorruption - CDISMPackageManager::RestoreHealth(hr:0x800706be)
2016-04-29 11:36:07, Error                 DISM   DISM Package Manager: PID=7464 TID=7360 Failed to restore the image health. - CPackageManagerCLIHandler::ProcessCmdLine_CleanupImage(hr:0x800706be)
2016-04-29 11:36:07, Error                 DISM   DISM Package Manager: PID=7464 TID=7360 Failed while processing command cleanup-image. - CPackageManagerCLIHandler::ExecuteCmdLine(hr:0x800706be)
2016-04-29 11:36:07, Info                  DISM   DISM Package Manager: PID=7464 TID=7360 Further logs for online package and feature related operations can be found at %WINDIR%\logs\CBS\cbs.log - CPackageManagerCLIHandler::ExecuteCmdLine
2016-04-29 11:36:07, Error                 DISM   DISM.EXE: DISM Package Manager processed the command line but failed. HRESULT=800706BE
2016-04-29 11:36:07, Info                  DISM   DISM Provider Store: PID=7464 TID=3476 Found the OSServices.  Waiting to finalize it until all other providers are unloaded. - CDISMProviderStore::Final_OnDisconnect
2016-04-29 11:36:07, Info                  DISM   DISM Provider Store: PID=7464 TID=3476 Found the OSServices.  Waiting to finalize it until all other providers are unloaded. - CDISMProviderStore::Final_OnDisconnect
2016-04-29 11:36:07, Info                  DISM   DISM Provider Store: PID=7464 TID=3476 Found the PE Provider.  Waiting to finalize it until all other providers are unloaded. - CDISMProviderStore::Final_OnDisconnect
2016-04-29 11:36:07, Info                  DISM   DISM Provider Store: PID=7464 TID=3476 Finalizing the servicing provider(DISM Package Manager) - CDISMProviderStore::Internal_DisconnectProvider
2016-04-29 11:36:07, Info                  DISM   DISM Package Manager: PID=7464 TID=3476 Finalizing CBS core. - CDISMPackageManager::Finalize
2016-04-29 11:36:07, Info                  DISM   DISM Provider Store: PID=7464 TID=3476 Disconnecting Provider: DISM Package Manager - CDISMProviderStore::Internal_DisconnectProvider
2016-04-29 11:36:07, Info                  DISM   DISM Provider Store: PID=7464 TID=3476 Finalizing the servicing provider(MsiManager) - CDISMProviderStore::Internal_DisconnectProvider
2016-04-29 11:36:07, Info                  DISM   DISM Provider Store: PID=7464 TID=3476 Disconnecting Provider: MsiManager - CDISMProviderStore::Internal_DisconnectProvider
2016-04-29 11:36:07, Info                  DISM   DISM Provider Store: PID=7464 TID=3476 Finalizing the servicing provider(IntlManager) - CDISMProviderStore::Internal_DisconnectProvider
2016-04-29 11:36:07, Info                  DISM   DISM Provider Store: PID=7464 TID=3476 Disconnecting Provider: IntlManager - CDISMProviderStore::Internal_DisconnectProvider
2016-04-29 11:36:07, Info                  DISM   DISM Provider Store: PID=7464 TID=3476 Finalizing the servicing provider(IBSManager) - CDISMProviderStore::Internal_DisconnectProvider
2016-04-29 11:36:07, Info                  DISM   DISM Provider Store: PID=7464 TID=3476 Disconnecting Provider: IBSManager - CDISMProviderStore::Internal_DisconnectProvider
2016-04-29 11:36:07, Info                  DISM   DISM Provider Store: PID=7464 TID=3476 Finalizing the servicing provider(DriverManager) - CDISMProviderStore::Internal_DisconnectProvider
2016-04-29 11:36:07, Info                  DISM   DISM Provider Store: PID=7464 TID=3476 Disconnecting Provider: DriverManager - CDISMProviderStore::Internal_DisconnectProvider
2016-04-29 11:36:07, Info                  DISM   DISM Provider Store: PID=7464 TID=3476 Finalizing the servicing provider(DISM Unattend Manager) - CDISMProviderStore::Internal_DisconnectProvider
2016-04-29 11:36:07, Info                  DISM   DISM Provider Store: PID=7464 TID=3476 Disconnecting Provider: DISM Unattend Manager - CDISMProviderStore::Internal_DisconnectProvider
2016-04-29 11:36:07, Info                  DISM   DISM Provider Store: PID=7464 TID=3476 Finalizing the servicing provider(SmiManager) - CDISMProviderStore::Internal_DisconnectProvider
2016-04-29 11:36:07, Info                  DISM   DISM Provider Store: PID=7464 TID=3476 Disconnecting Provider: SmiManager - CDISMProviderStore::Internal_DisconnectProvider
2016-04-29 11:36:07, Info                  DISM   DISM Provider Store: PID=7464 TID=3476 Finalizing the servicing provider(AppxManager) - CDISMProviderStore::Internal_DisconnectProvider
2016-04-29 11:36:07, Info                  DISM   DISM Provider Store: PID=7464 TID=3476 Disconnecting Provider: AppxManager - CDISMProviderStore::Internal_DisconnectProvider
2016-04-29 11:36:07, Info                  DISM   DISM Provider Store: PID=7464 TID=3476 Finalizing the servicing provider(ProvManager) - CDISMProviderStore::Internal_DisconnectProvider
2016-04-29 11:36:07, Info                  DISM   DISM Provider Store: PID=7464 TID=3476 Disconnecting Provider: ProvManager - CDISMProviderStore::Internal_DisconnectProvider
2016-04-29 11:36:07, Info                  DISM   DISM Provider Store: PID=7464 TID=3476 Finalizing the servicing provider(AssocManager) - CDISMProviderStore::Internal_DisconnectProvider
2016-04-29 11:36:07, Info                  DISM   DISM Provider Store: PID=7464 TID=3476 Disconnecting Provider: AssocManager - CDISMProviderStore::Internal_DisconnectProvider
2016-04-29 11:36:07, Info                  DISM   DISM Provider Store: PID=7464 TID=3476 Finalizing the servicing provider(GenericManager) - CDISMProviderStore::Internal_DisconnectProvider
2016-04-29 11:36:07, Info                  DISM   DISM Provider Store: PID=7464 TID=3476 Disconnecting Provider: GenericManager - CDISMProviderStore::Internal_DisconnectProvider
2016-04-29 11:36:07, Info                  DISM   DISM Provider Store: PID=7464 TID=3476 Finalizing the servicing provider(OfflineSetupManager) - CDISMProviderStore::Internal_DisconnectProvider
2016-04-29 11:36:07, Info                  DISM   DISM Provider Store: PID=7464 TID=3476 Disconnecting Provider: OfflineSetupManager - CDISMProviderStore::Internal_DisconnectProvider
2016-04-29 11:36:07, Info                  DISM   DISM Provider Store: PID=7464 TID=3476 Finalizing the servicing provider(Edition Manager) - CDISMProviderStore::Internal_DisconnectProvider
2016-04-29 11:36:07, Info                  DISM   DISM Provider Store: PID=7464 TID=3476 Disconnecting Provider: Edition Manager - CDISMProviderStore::Internal_DisconnectProvider
2016-04-29 11:36:07, Info                  DISM   DISM Provider Store: PID=7464 TID=3476 Releasing the local reference to OSServices. - CDISMProviderStore::Internal_DisconnectProvider
2016-04-29 11:36:07, Info                  DISM   DISM Provider Store: PID=7464 TID=3476 Disconnecting Provider: OSServices - CDISMProviderStore::Internal_DisconnectProvider
2016-04-29 11:36:07, Info                  DISM   DISM Provider Store: PID=7464 TID=3476 Releasing the local reference to DISMLogger.  Stop logging. - CDISMProviderStore::Internal_DisconnectProvider
2016-04-29 11:36:07, Info                  DISM   DISM Manager: PID=648 TID=3480 Closing session event handle 0x16c - CDISMManager::CloseImageSession
2016-04-29 11:36:07, Info                  DISM   DISM.EXE: Image session has been closed. Reboot required=no.
2016-04-29 11:36:07, Info                  DISM   DISM.EXE: 
2016-04-29 11:36:07, Info                  DISM   DISM.EXE: <----- Ending Dism.exe session ----->
2016-04-29 11:36:07, Info                  DISM   DISM.EXE: 
2016-04-29 11:36:07, Info                  DISM   DISM Provider Store: PID=648 TID=3480 Found the OSServices.  Waiting to finalize it until all other providers are unloaded. - CDISMProviderStore::Final_OnDisconnect
2016-04-29 11:36:07, Info                  DISM   DISM Provider Store: PID=648 TID=3480 Disconnecting Provider: FolderManager - CDISMProviderStore::Internal_DisconnectProvider
2016-04-29 11:36:07, Info                  DISM   DISM Provider Store: PID=648 TID=3480 Releasing the local reference to DISMLogger.  Stop logging. - CDISMProviderStore::Internal_DisconnectProvider
2016-04-29 11:37:24, Info                  DISM   API: PID=524 TID=7580 DismApi.dll:                                            - DismInitializeInternal
2016-04-29 11:37:24, Info                  DISM   API: PID=524 TID=7580 DismApi.dll: <----- Starting DismApi.dll session -----> - DismInitializeInternal
2016-04-29 11:37:24, Info                  DISM   API: PID=524 TID=7580 DismApi.dll:                                            - DismInitializeInternal
2016-04-29 11:37:24, Info                  DISM   API: PID=524 TID=7580 DismApi.dll: Version 10.0.14316.1000 - DismInitializeInternal
2016-04-29 11:37:24, Info                  DISM   API: PID=524 TID=7580 DismApi.dll: Parent process command line: C:\WINDOWS\system32\cleanmgr.exe /autoclean /d C: - DismInitializeInternal
2016-04-29 11:37:24, Info                  DISM   API: PID=524 TID=7580 Enter DismInitializeInternal - DismInitializeInternal
2016-04-29 11:37:24, Info                  DISM   API: PID=524 TID=7580 Input parameters: LogLevel: 2, LogFilePath: (null), ScratchDirectory: (null) - DismInitializeInternal
2016-04-29 11:37:24, Info                  DISM   API: PID=524 TID=7580 Initialized GlobalConfig - DismInitializeInternal
2016-04-29 11:37:24, Info                  DISM   API: PID=524 TID=7580 Initialized SessionTable - DismInitializeInternal
2016-04-29 11:37:24, Info                  DISM   API: PID=524 TID=7580 Lookup in table by path failed for: DummyPath-2BA51B78-C7F7-4910-B99D-BB7345357CDC - CTransactionalImageTable::LookupImagePath
2016-04-29 11:37:24, Info                  DISM   API: PID=524 TID=7580 Waiting for m_pInternalThread to start - CCommandThread::Start
2016-04-29 11:37:24, Info                  DISM   API: PID=524 TID=5868 Enter CCommandThread::CommandThreadProcedureStub - CCommandThread::CommandThreadProcedureStub
2016-04-29 11:37:25, Info                  DISM   API: PID=524 TID=5868 Enter CCommandThread::ExecuteLoop - CCommandThread::ExecuteLoop
2016-04-29 11:37:25, Info                  DISM   API: PID=524 TID=7580 CommandThread StartupEvent signaled - CCommandThread::WaitForStartup
2016-04-29 11:37:25, Info                  DISM   API: PID=524 TID=7580 m_pInternalThread started - CCommandThread::Start
2016-04-29 11:37:25, Info                  DISM   API: PID=524 TID=7580 Created g_internalDismSession - DismInitializeInternal
2016-04-29 11:37:25, Info                  DISM   API: PID=524 TID=7580 Leave DismInitializeInternal - DismInitializeInternal
2016-04-29 11:37:25, Info                  DISM   API: PID=524 TID=7580 Enter DismOpenSessionInternal - DismOpenSessionInternal
2016-04-29 11:37:25, Info                  DISM   API: PID=524 TID=7580 Input parameters: ImagePath: DISM_{53BFAE52-B167-4E2F-A258-0A37B57FF845}, WindowsDirectory: (null), SystemDrive: (null) - DismOpenSessionInternal
2016-04-29 11:37:25, Info                  DISM   API: PID=524 TID=7580 Lookup in table by path failed for: DRIVE_C - CTransactionalImageTable::LookupImagePath
2016-04-29 11:37:25, Info                  DISM   API: PID=524 TID=7580 Waiting for m_pInternalThread to start - CCommandThread::Start
2016-04-29 11:37:25, Info                  DISM   API: PID=524 TID=7672 Enter CCommandThread::CommandThreadProcedureStub - CCommandThread::CommandThreadProcedureStub
2016-04-29 11:37:25, Info                  DISM   API: PID=524 TID=7580 CommandThread StartupEvent signaled - CCommandThread::WaitForStartup
2016-04-29 11:37:25, Info                  DISM   API: PID=524 TID=7580 m_pInternalThread started - CCommandThread::Start
2016-04-29 11:37:25, Info                  DISM   API: PID=524 TID=7580 Successfully enqueued command object - CCommandThread::EnqueueCommandObject
2016-04-29 11:37:25, Info                  DISM   API: PID=524 TID=7672 Enter CCommandThread::ExecuteLoop - CCommandThread::ExecuteLoop
2016-04-29 11:37:25, Info                  DISM   API: PID=524 TID=7672 ExecuteLoop: CommandQueue signaled - CCommandThread::ExecuteLoop
2016-04-29 11:37:25, Info                  DISM   API: PID=524 TID=7672 Successfully dequeued command object - CCommandThread::DequeueCommandObject
2016-04-29 11:37:25, Info                  DISM   PID=524 TID=7672 Scratch directory set to 'C:\Users\Chris\AppData\Local\Temp\'. - CDISMManager::put_ScratchDir
2016-04-29 11:37:25, Info                  DISM   PID=524 TID=7672 DismCore.dll version: 10.0.14316.1000 - CDISMManager::FinalConstruct
2016-04-29 11:37:25, Info                  DISM   PID=524 TID=7672 Successfully loaded the ImageSession at "C:\WINDOWS\system32\Dism" - CDISMManager::LoadLocalImageSession
2016-04-29 11:37:26, Info                  DISM   DISM Provider Store: PID=524 TID=7672 Found and Initialized the DISM Logger. - CDISMProviderStore::Internal_InitializeLogger
2016-04-29 11:37:26, Info                  DISM   DISM Provider Store: PID=524 TID=7672 Failed to get and initialize the PE Provider.  Continuing by assuming that it is not a WinPE image. - CDISMProviderStore::Final_OnConnect
2016-04-29 11:37:26, Info                  DISM   DISM Provider Store: PID=524 TID=7672 Finished initializing the Provider Map. - CDISMProviderStore::Final_OnConnect
2016-04-29 11:37:26, Info                  DISM   DISM Provider Store: PID=524 TID=7672 Getting Provider DISMLogger - CDISMProviderStore::GetProvider
2016-04-29 11:37:26, Info                  DISM   DISM Provider Store: PID=524 TID=7672 Provider has previously been initialized.  Returning the existing instance. - CDISMProviderStore::Internal_GetProvider
2016-04-29 11:37:27, Info                  DISM   DISM Provider Store: PID=524 TID=7672 Getting Provider DISMLogger - CDISMProviderStore::GetProvider
2016-04-29 11:37:27, Info                  DISM   DISM Provider Store: PID=524 TID=7672 Provider has previously been initialized.  Returning the existing instance. - CDISMProviderStore::Internal_GetProvider
2016-04-29 11:37:27, Info                  DISM   DISM Manager: PID=524 TID=7672 Successfully created the local image session and provider store. - CDISMManager::CreateLocalImageSession
2016-04-29 11:37:27, Info                  DISM   DISM Provider Store: PID=524 TID=7672 Getting the collection of providers from a local provider store type. - CDISMProviderStore::GetProviderCollection
2016-04-29 11:37:27, Info                  DISM   DISM Provider Store: PID=524 TID=7672 Provider has not previously been encountered.  Attempting to initialize the provider. - CDISMProviderStore::Internal_GetProvider
2016-04-29 11:37:27, Info                  DISM   DISM Provider Store: PID=524 TID=7672 Loading Provider from location C:\WINDOWS\system32\Dism\FolderProvider.dll - CDISMProviderStore::Internal_GetProvider
2016-04-29 11:37:27, Info                  DISM   DISM Provider Store: PID=524 TID=7672 Connecting to the provider located at C:\WINDOWS\system32\Dism\FolderProvider.dll. - CDISMProviderStore::Internal_LoadProvider
2016-04-29 11:37:27, Info                  DISM   DISM Provider Store: PID=524 TID=7672 Provider has not previously been encountered.  Attempting to initialize the provider. - CDISMProviderStore::Internal_GetProvider
2016-04-29 11:37:27, Info                  DISM   DISM Provider Store: PID=524 TID=7672 Loading Provider from location C:\WINDOWS\system32\Dism\WimProvider.dll - CDISMProviderStore::Internal_GetProvider
2016-04-29 11:37:27, Info                  DISM   DISM Provider Store: PID=524 TID=7672 Connecting to the provider located at C:\WINDOWS\system32\Dism\WimProvider.dll. - CDISMProviderStore::Internal_LoadProvider
2016-04-29 11:37:28, Info                  DISM   DISM Provider Store: PID=524 TID=7672 Provider has not previously been encountered.  Attempting to initialize the provider. - CDISMProviderStore::Internal_GetProvider
2016-04-29 11:37:28, Info                  DISM   DISM Provider Store: PID=524 TID=7672 Loading Provider from location C:\WINDOWS\system32\Dism\VHDProvider.dll - CDISMProviderStore::Internal_GetProvider
2016-04-29 11:37:28, Info                  DISM   DISM Provider Store: PID=524 TID=7672 Connecting to the provider located at C:\WINDOWS\system32\Dism\VHDProvider.dll. - CDISMProviderStore::Internal_LoadProvider
2016-04-29 11:37:28, Info                  DISM   DISM Provider Store: PID=524 TID=7672 Provider has not previously been encountered.  Attempting to initialize the provider. - CDISMProviderStore::Internal_GetProvider
2016-04-29 11:37:28, Info                  DISM   DISM Provider Store: PID=524 TID=7672 Loading Provider from location C:\WINDOWS\system32\Dism\ImagingProvider.dll - CDISMProviderStore::Internal_GetProvider
2016-04-29 11:37:28, Info                  DISM   DISM Provider Store: PID=524 TID=7672 Connecting to the provider located at C:\WINDOWS\system32\Dism\ImagingProvider.dll. - CDISMProviderStore::Internal_LoadProvider
2016-04-29 11:37:28, Info                  DISM   DISM Provider Store: PID=524 TID=7672 Provider has not previously been encountered.  Attempting to initialize the provider. - CDISMProviderStore::Internal_GetProvider
2016-04-29 11:37:28, Info                  DISM   DISM Provider Store: PID=524 TID=7672 Loading Provider from location C:\WINDOWS\system32\Dism\CompatProvider.dll - CDISMProviderStore::Internal_GetProvider
2016-04-29 11:37:28, Info                  DISM   DISM Provider Store: PID=524 TID=7672 Connecting to the provider located at C:\WINDOWS\system32\Dism\CompatProvider.dll. - CDISMProviderStore::Internal_LoadProvider
2016-04-29 11:37:28, Info                  DISM   DISM Provider Store: PID=524 TID=7672 Provider has not previously been encountered.  Attempting to initialize the provider. - CDISMProviderStore::Internal_GetProvider
2016-04-29 11:37:28, Info                  DISM   DISM Provider Store: PID=524 TID=7672 Loading Provider from location C:\WINDOWS\system32\Dism\FfuProvider.dll - CDISMProviderStore::Internal_GetProvider
2016-04-29 11:37:28, Info                  DISM   DISM Provider Store: PID=524 TID=7672 Connecting to the provider located at C:\WINDOWS\system32\Dism\FfuProvider.dll. - CDISMProviderStore::Internal_LoadProvider
2016-04-29 11:37:28, Info                  DISM   DISM Provider Store: PID=524 TID=7672 Provider has not previously been encountered.  Attempting to initialize the provider. - CDISMProviderStore::Internal_GetProvider
2016-04-29 11:37:28, Info                  DISM   DISM Provider Store: PID=524 TID=7672 Loading Provider from location C:\WINDOWS\system32\Dism\SiloedPackageProvider.dll - CDISMProviderStore::Internal_GetProvider
2016-04-29 11:37:28, Warning               DISM   DISM Provider Store: PID=524 TID=7672 Failed to Load the provider: C:\WINDOWS\system32\Dism\SiloedPackageProvider.dll. - CDISMProviderStore::Internal_GetProvider(hr:0x8007007e)
[524] [0x8007007b] FIOReadFileIntoBuffer:(1250): The filename, directory name, or volume label syntax is incorrect.
[524] [0xc142011c] UnmarshallImageHandleFromDirectory:(793)
[524] [0xc142011c] WIMGetMountedImageHandle:(3046)
2016-04-29 11:37:28, Info                  DISM   DISM WIM Provider: PID=524 TID=7672 [C:\] is not a WIM mount point. - CWimMountedImageInfo::Initialize
2016-04-29 11:37:28, Info                  DISM   DISM VHD Provider: PID=524 TID=7672 [C:\] is not recognized by the DISM VHD provider. - CVhdImage::Initialize
2016-04-29 11:37:28, Info                  DISM   DISM Provider Store: PID=524 TID=7672 Getting Provider VHDManager - CDISMProviderStore::GetProvider
2016-04-29 11:37:28, Info                  DISM   DISM Provider Store: PID=524 TID=7672 Provider has previously been initialized.  Returning the existing instance. - CDISMProviderStore::Internal_GetProvider
2016-04-29 11:37:28, Info                  DISM   DISM VHD Provider: PID=524 TID=7672 [C:\] is not recognized by the DISM VHD provider. - CVhdImage::Initialize
2016-04-29 11:37:28, Info                  DISM   DISM Imaging Provider: PID=524 TID=7672 The provider VHDManager does not support CreateDismImage on C:\ - CGenericImagingManager::CreateDismImage
2016-04-29 11:37:28, Info                  DISM   DISM Provider Store: PID=524 TID=7672 Getting Provider WimManager - CDISMProviderStore::GetProvider
2016-04-29 11:37:28, Info                  DISM   DISM Provider Store: PID=524 TID=7672 Provider has previously been initialized.  Returning the existing instance. - CDISMProviderStore::Internal_GetProvider
[524] [0x8007007b] FIOReadFileIntoBuffer:(1250): The filename, directory name, or volume label syntax is incorrect.
[524] [0xc142011c] UnmarshallImageHandleFromDirectory:(793)
[524] [0xc142011c] WIMGetMountedImageHandle:(3046)
2016-04-29 11:37:28, Info                  DISM   DISM WIM Provider: PID=524 TID=7672 [C:\] is not a WIM mount point. - CWimMountedImageInfo::Initialize
2016-04-29 11:37:28, Info                  DISM   DISM Imaging Provider: PID=524 TID=7672 The provider WimManager does not support CreateDismImage on C:\ - CGenericImagingManager::CreateDismImage
2016-04-29 11:37:28, Info                  DISM   DISM Imaging Provider: PID=524 TID=7672 No imaging provider supported CreateDismImage for this path - CGenericImagingManager::CreateDismImage
2016-04-29 11:37:28, Info                  DISM   DISM Manager: PID=524 TID=7672 physical location path: C:\ - CDISMManager::CreateImageSession
2016-04-29 11:37:28, Info                  DISM   DISM Manager: PID=524 TID=7672 Event name for current DISM session is Global\{11C076F3-41C9-4A73-BFBA-0CA566262579} - CDISMManager::CheckSessionAndLock
2016-04-29 11:37:28, Info                  DISM   DISM Manager: PID=524 TID=7672 Create session event 0x538 for current DISM session and event name is Global\{11C076F3-41C9-4A73-BFBA-0CA566262579}  - CDISMManager::CheckSessionAndLock
2016-04-29 11:37:28, Info                  DISM   DISM Manager: PID=524 TID=7672 Copying DISM from "C:\Windows\System32\Dism" - CDISMManager::CreateImageSessionFromLocation
2016-04-29 11:37:44, Info                  DISM   DISM Manager: PID=524 TID=7672 Successfully loaded the ImageSession at "C:\Users\Chris\AppData\Local\Temp\B1A699E9-4306-4585-BB82-0DA56F5EACFF" - CDISMManager::LoadRemoteImageSession
2016-04-29 11:37:44, Info                  DISM   DISM Image Session: PID=6440 TID=7700 Instantiating the Provider Store. - CDISMImageSession::get_ProviderStore
2016-04-29 11:37:44, Info                  DISM   DISM Provider Store: PID=6440 TID=7700 Initializing a provider store for the IMAGE session type. - CDISMProviderStore::Final_OnConnect
2016-04-29 11:37:44, Info                  DISM   DISM Provider Store: PID=6440 TID=7700 Provider has not previously been encountered.  Attempting to initialize the provider. - CDISMProviderStore::Internal_GetProvider
2016-04-29 11:37:44, Info                  DISM   DISM Provider Store: PID=6440 TID=7700 Loading Provider from location C:\Users\Chris\AppData\Local\Temp\B1A699E9-4306-4585-BB82-0DA56F5EACFF\OSProvider.dll - CDISMProviderStore::Internal_GetProvider
2016-04-29 11:37:44, Info                  DISM   DISM Provider Store: PID=6440 TID=7700 Connecting to the provider located at C:\Users\Chris\AppData\Local\Temp\B1A699E9-4306-4585-BB82-0DA56F5EACFF\OSProvider.dll. - CDISMProviderStore::Internal_LoadProvider
2016-04-29 11:37:44, Info                  DISM   DISM OS Provider: PID=6440 TID=7700 Defaulting SystemPath to C:\ - CDISMOSServiceManager::Final_OnConnect
2016-04-29 11:37:44, Info                  DISM   DISM OS Provider: PID=6440 TID=7700 Defaulting Windows folder to C:\Windows - CDISMOSServiceManager::Final_OnConnect
2016-04-29 11:37:44, Info                  DISM   DISM OS Provider: PID=6440 TID=7700 Host OS verion is 10.0 - CDISMOSServiceManager::SetDllSearchPath
2016-04-29 11:37:44, Warning               DISM   DISM OS Provider: PID=6440 TID=7700 Unable to set the DLL search path to the servicing stack folder. C:\Windows may not point to a valid Windows folder. - CDISMOSServiceManager::Final_OnConnect
2016-04-29 11:37:44, Info                  DISM   DISM Provider Store: PID=6440 TID=7700 Attempting to initialize the logger from the Image Session. - CDISMProviderStore::Final_OnConnect
2016-04-29 11:37:44, Info                  DISM   DISM Provider Store: PID=6440 TID=7700 Provider has not previously been encountered.  Attempting to initialize the provider. - CDISMProviderStore::Internal_GetProvider
2016-04-29 11:37:44, Info                  DISM   DISM Provider Store: PID=6440 TID=7700 Loading Provider from location C:\Users\Chris\AppData\Local\Temp\B1A699E9-4306-4585-BB82-0DA56F5EACFF\LogProvider.dll - CDISMProviderStore::Internal_GetProvider
2016-04-29 11:37:44, Info                  DISM   DISM Provider Store: PID=6440 TID=7700 Connecting to the provider located at C:\Users\Chris\AppData\Local\Temp\B1A699E9-4306-4585-BB82-0DA56F5EACFF\LogProvider.dll. - CDISMProviderStore::Internal_LoadProvider
2016-04-29 11:37:44, Info                  DISM   DISM Provider Store: PID=6440 TID=7700 Found and Initialized the DISM Logger. - CDISMProviderStore::Internal_InitializeLogger
2016-04-29 11:37:44, Info                  DISM   DISM Provider Store: PID=6440 TID=7700 Provider has not previously been encountered.  Attempting to initialize the provider. - CDISMProviderStore::Internal_GetProvider
2016-04-29 11:37:44, Info                  DISM   DISM Provider Store: PID=6440 TID=7700 Loading Provider from location C:\Users\Chris\AppData\Local\Temp\B1A699E9-4306-4585-BB82-0DA56F5EACFF\PEProvider.dll - CDISMProviderStore::Internal_GetProvider
2016-04-29 11:37:44, Warning               DISM   DISM Provider Store: PID=6440 TID=7700 Failed to Load the provider: C:\Users\Chris\AppData\Local\Temp\B1A699E9-4306-4585-BB82-0DA56F5EACFF\PEProvider.dll. - CDISMProviderStore::Internal_GetProvider(hr:0x8007007e)
2016-04-29 11:37:44, Info                  DISM   DISM Provider Store: PID=6440 TID=7700 Failed to get and initialize the PE Provider.  Continuing by assuming that it is not a WinPE image. - CDISMProviderStore::Final_OnConnect
2016-04-29 11:37:44, Info                  DISM   DISM Provider Store: PID=6440 TID=7700 Finished initializing the Provider Map. - CDISMProviderStore::Final_OnConnect
2016-04-29 11:37:44, Info                  DISM   DISM Provider Store: PID=6440 TID=7700 Getting Provider DISMLogger - CDISMProviderStore::GetProvider
2016-04-29 11:37:44, Info                  DISM   DISM Provider Store: PID=6440 TID=7700 Provider has previously been initialized.  Returning the existing instance. - CDISMProviderStore::Internal_GetProvider
2016-04-29 11:37:45, Info                  DISM   DISM Manager: PID=524 TID=7672 Image session successfully loaded from the temporary location: C:\Users\Chris\AppData\Local\Temp\B1A699E9-4306-4585-BB82-0DA56F5EACFF - CDISMManager::CreateImageSession
2016-04-29 11:37:45, Info                  DISM   DISM Provider Store: PID=6440 TID=7700 Getting Provider OSServices - CDISMProviderStore::GetProvider
2016-04-29 11:37:45, Info                  DISM   DISM Provider Store: PID=6440 TID=7700 Provider has previously been initialized.  Returning the existing instance. - CDISMProviderStore::Internal_GetProvider
2016-04-29 11:37:45, Info                  DISM   API: PID=524 TID=7672 Target image information: OS Version=10.0.14316.1000, Image architecture=amd64 - CDismCore::LogImageSessionDetails
2016-04-29 11:37:45, Info                  DISM   API: PID=524 TID=7580 Leave DismOpenSessionInternal - DismOpenSessionInternal
2016-04-29 11:37:45, Info                  DISM   API: PID=524 TID=7580 Session id is: 2 - DismOpenSessionInternal
2016-04-29 11:37:47, Info                  DISM   API: PID=524 TID=7580 DismInitialize: 2 - DismInitializeInternal
2016-04-29 11:37:47, Info                  DISM   API: PID=524 TID=7580 Enter DismOpenSessionInternal - DismOpenSessionInternal
2016-04-29 11:37:47, Info                  DISM   API: PID=524 TID=7580 Input parameters: ImagePath: DISM_{53BFAE52-B167-4E2F-A258-0A37B57FF845}, WindowsDirectory: (null), SystemDrive: (null) - DismOpenSessionInternal
2016-04-29 11:37:47, Info                  DISM   API: PID=524 TID=7580 Returning existing DismSession=2 for path DRIVE_C. RefCount=2 - CSessionTable::CreateSession
2016-04-29 11:37:47, Info                  DISM   API: PID=524 TID=7580 Successfully enqueued command object - CCommandThread::EnqueueCommandObject
2016-04-29 11:37:47, Info                  DISM   API: PID=524 TID=7672 ExecuteLoop: CommandQueue signaled - CCommandThread::ExecuteLoop
2016-04-29 11:37:47, Info                  DISM   API: PID=524 TID=7672 Successfully dequeued command object - CCommandThread::DequeueCommandObject
2016-04-29 11:37:47, Info                  DISM   DISM Provider Store: PID=524 TID=7672 Getting the collection of providers from a local provider store type. - CDISMProviderStore::GetProviderCollection
[524] [0x8007007b] FIOReadFileIntoBuffer:(1250): The filename, directory name, or volume label syntax is incorrect.
[524] [0xc142011c] UnmarshallImageHandleFromDirectory:(793)
[524] [0xc142011c] WIMGetMountedImageHandle:(3046)
2016-04-29 11:37:47, Info                  DISM   DISM WIM Provider: PID=524 TID=7672 [C:\] is not a WIM mount point. - CWimMountedImageInfo::Initialize
2016-04-29 11:37:47, Info                  DISM   DISM VHD Provider: PID=524 TID=7672 [C:\] is not recognized by the DISM VHD provider. - CVhdImage::Initialize
2016-04-29 11:37:47, Info                  DISM   DISM Provider Store: PID=524 TID=7672 Getting Provider VHDManager - CDISMProviderStore::GetProvider
2016-04-29 11:37:47, Info                  DISM   DISM Provider Store: PID=524 TID=7672 Provider has previously been initialized.  Returning the existing instance. - CDISMProviderStore::Internal_GetProvider
2016-04-29 11:37:47, Info                  DISM   DISM VHD Provider: PID=524 TID=7672 [C:\] is not recognized by the DISM VHD provider. - CVhdImage::Initialize
2016-04-29 11:37:47, Info                  DISM   DISM Imaging Provider: PID=524 TID=7672 The provider VHDManager does not support CreateDismImage on C:\ - CGenericImagingManager::CreateDismImage
2016-04-29 11:37:47, Info                  DISM   DISM Provider Store: PID=524 TID=7672 Getting Provider WimManager - CDISMProviderStore::GetProvider
2016-04-29 11:37:47, Info                  DISM   DISM Provider Store: PID=524 TID=7672 Provider has previously been initialized.  Returning the existing instance. - CDISMProviderStore::Internal_GetProvider
[524] [0x8007007b] FIOReadFileIntoBuffer:(1250): The filename, directory name, or volume label syntax is incorrect.
[524] [0xc142011c] UnmarshallImageHandleFromDirectory:(793)
[524] [0xc142011c] WIMGetMountedImageHandle:(3046)
2016-04-29 11:37:47, Info                  DISM   DISM WIM Provider: PID=524 TID=7672 [C:\] is not a WIM mount point. - CWimMountedImageInfo::Initialize
2016-04-29 11:37:47, Info                  DISM   DISM Imaging Provider: PID=524 TID=7672 The provider WimManager does not support CreateDismImage on C:\ - CGenericImagingManager::CreateDismImage
2016-04-29 11:37:47, Info                  DISM   DISM Imaging Provider: PID=524 TID=7672 No imaging provider supported CreateDismImage for this path - CGenericImagingManager::CreateDismImage
2016-04-29 11:37:47, Info                  DISM   DISM Provider Store: PID=6440 TID=7700 Getting Provider OSServices - CDISMProviderStore::GetProvider
2016-04-29 11:37:47, Info                  DISM   DISM Provider Store: PID=6440 TID=7700 Provider has previously been initialized.  Returning the existing instance. - CDISMProviderStore::Internal_GetProvider
2016-04-29 11:37:47, Info                  DISM   API: PID=524 TID=7672 Target image information: OS Version=10.0.14316.1000, Image architecture=amd64 - CDismCore::LogImageSessionDetails
2016-04-29 11:37:47, Info                  DISM   API: PID=524 TID=7580 Leave DismOpenSessionInternal - DismOpenSessionInternal
2016-04-29 11:37:47, Info                  DISM   API: PID=524 TID=7580 Session id is: 2 - DismOpenSessionInternal
2016-04-29 11:38:24, Info                  DISM   API: PID=524 TID=7580 Enter DismGetUsedSpaceInternal - DismGetUsedSpaceInternal
2016-04-29 11:38:24, Info                  DISM   API: PID=524 TID=7580 Input parameters: Session: 2, Type: 2,  - DismGetUsedSpaceInternal
2016-04-29 11:38:24, Info                  DISM   API: PID=524 TID=7580 Successfully enqueued command object - CCommandThread::EnqueueCommandObject
2016-04-29 11:38:24, Info                  DISM   API: PID=524 TID=7672 ExecuteLoop: CommandQueue signaled - CCommandThread::ExecuteLoop
2016-04-29 11:38:24, Info                  DISM   API: PID=524 TID=7672 Successfully dequeued command object - CCommandThread::DequeueCommandObject
2016-04-29 11:38:24, Info                  DISM   DISM Provider Store: PID=6440 TID=7700 Getting Provider DISM Package Manager - CDISMProviderStore::GetProvider
2016-04-29 11:38:24, Info                  DISM   DISM Provider Store: PID=6440 TID=7700 Provider has not previously been encountered.  Attempting to initialize the provider. - CDISMProviderStore::Internal_GetProvider
2016-04-29 11:38:24, Info                  DISM   DISM Provider Store: PID=6440 TID=7700 Loading Provider from location C:\Users\Chris\AppData\Local\Temp\B1A699E9-4306-4585-BB82-0DA56F5EACFF\CbsProvider.dll - CDISMProviderStore::Internal_GetProvider
2016-04-29 11:38:24, Info                  DISM   DISM Provider Store: PID=6440 TID=7700 Connecting to the provider located at C:\Users\Chris\AppData\Local\Temp\B1A699E9-4306-4585-BB82-0DA56F5EACFF\CbsProvider.dll. - CDISMProviderStore::Internal_LoadProvider
2016-04-29 11:38:24, Info                  DISM   DISM Provider Store: PID=6440 TID=7700 Encountered a servicing provider, performing additional servicing initializations. - CDISMProviderStore::Internal_LoadProvider
2016-04-29 11:38:26, Info                  DISM   DISM Package Manager: PID=6440 TID=7700 Finished initializing the CbsConUI Handler. - CCbsConUIHandler::Initialize
2016-04-29 11:38:26, Info                  DISM   DISM Package Manager: PID=6440 TID=7700 CBS is being initialized for online use. More information about CBS actions can be located at: %windir%\logs\cbs\cbs.log - CDISMPackageManager::Initialize
2016-04-29 11:38:27, Info                  DISM   DISM Package Manager: PID=6440 TID=7700 Loaded servicing stack for online use only. - CDISMPackageManager::RefreshInstanceAndLock
2016-04-29 11:38:29, Info                  DISM   DISM Package Manager: PID=6440 TID=7700 Package Microsoft-OneCore-DeveloperMode-Desktop-Package~31bf3856ad364e35~amd64~~10.0.14316.1000 with CBS state 7(CbsInstallStateInstalled) being mapped to dism state 5(DISM_INSTALL_STATE_INSTALLED) - CDISMPackage::LogInstallStateMapping
2016-04-29 11:38:29, Info                  DISM   DISM Package Manager: PID=6440 TID=7700 Package Microsoft-OneCore-Graphics-Tools-Package~31bf3856ad364e35~amd64~~10.0.14316.1000 with CBS state 7(CbsInstallStateInstalled) being mapped to dism state 5(DISM_INSTALL_STATE_INSTALLED) - CDISMPackage::LogInstallStateMapping
2016-04-29 11:38:29, Info                  DISM   DISM Package Manager: PID=6440 TID=7700 Package Microsoft-Windows-Client-LanguagePack-Package~31bf3856ad364e35~amd64~en-US~10.0.14316.1000 with CBS state 7(CbsInstallStateInstalled) being mapped to dism state 5(DISM_INSTALL_STATE_INSTALLED) - CDISMPackage::LogInstallStateMapping
2016-04-29 11:38:29, Info                  DISM   DISM Package Manager: PID=6440 TID=7700 Package Microsoft-Windows-ContactSupport-Package~31bf3856ad364e35~amd64~~10.0.14316.1000 with CBS state 7(CbsInstallStateInstalled) being mapped to dism state 5(DISM_INSTALL_STATE_INSTALLED) - CDISMPackage::LogInstallStateMapping
2016-04-29 11:38:29, Info                  DISM   DISM Package Manager: PID=6440 TID=7700 Package Microsoft-Windows-EducationEdition~31bf3856ad364e35~amd64~~10.0.14316.1000 with CBS state 4(CbsInstallStateStaged) being mapped to dism state 3(DISM_INSTALL_STATE_STAGED) - CDISMPackage::LogInstallStateMapping
2016-04-29 11:38:29, Info                  DISM   DISM Package Manager: PID=6440 TID=7700 Package Microsoft-Windows-EnterpriseEdition~31bf3856ad364e35~amd64~~10.0.14316.1000 with CBS state 4(CbsInstallStateStaged) being mapped to dism state 3(DISM_INSTALL_STATE_STAGED) - CDISMPackage::LogInstallStateMapping
2016-04-29 11:38:29, Info                  DISM   DISM Package Manager: PID=6440 TID=7700 Package Microsoft-Windows-FlightSigning-Package~31bf3856ad364e35~amd64~~10.0.14316.1000 with CBS state 7(CbsInstallStateInstalled) being mapped to dism state 5(DISM_INSTALL_STATE_INSTALLED) - CDISMPackage::LogInstallStateMapping
2016-04-29 11:38:29, Info                  DISM   DISM Package Manager: PID=6440 TID=7700 Package Microsoft-Windows-FlightSigning-WOW64-Package~31bf3856ad364e35~amd64~~10.0.14316.1000 with CBS state 7(CbsInstallStateInstalled) being mapped to dism state 5(DISM_INSTALL_STATE_INSTALLED) - CDISMPackage::LogInstallStateMapping
2016-04-29 11:38:29, Info                  DISM   DISM Package Manager: PID=6440 TID=7700 Package Microsoft-Windows-Foundation-Package~31bf3856ad364e35~amd64~~10.0.14316.1000 with CBS state 7(CbsInstallStateInstalled) being mapped to dism state 5(DISM_INSTALL_STATE_INSTALLED) - CDISMPackage::LogInstallStateMapping
2016-04-29 11:38:29, Info                  DISM   DISM Package Manager: PID=6440 TID=7700 Package Microsoft-Windows-InsiderHub-Package~31bf3856ad364e35~amd64~~10.0.14316.1000 with CBS state 7(CbsInstallStateInstalled) being mapped to dism state 5(DISM_INSTALL_STATE_INSTALLED) - CDISMPackage::LogInstallStateMapping
2016-04-29 11:38:29, Info                  DISM   DISM Package Manager: PID=6440 TID=7700 Package Microsoft-Windows-LanguageFeatures-Basic-en-us-Package~31bf3856ad364e35~amd64~~10.0.14316.1000 with CBS state 7(CbsInstallStateInstalled) being mapped to dism state 5(DISM_INSTALL_STATE_INSTALLED) - CDISMPackage::LogInstallStateMapping
2016-04-29 11:38:29, Info                  DISM   DISM Package Manager: PID=6440 TID=7700 Package Microsoft-Windows-LanguageFeatures-Handwriting-en-us-Package~31bf3856ad364e35~amd64~~10.0.14316.1000 with CBS state 7(CbsInstallStateInstalled) being mapped to dism state 5(DISM_INSTALL_STATE_INSTALLED) - CDISMPackage::LogInstallStateMapping
2016-04-29 11:38:29, Info                  DISM   DISM Package Manager: PID=6440 TID=7700 Package Microsoft-Windows-LanguageFeatures-OCR-en-us-Package~31bf3856ad364e35~amd64~~10.0.14316.1000 with CBS state 7(CbsInstallStateInstalled) being mapped to dism state 5(DISM_INSTALL_STATE_INSTALLED) - CDISMPackage::LogInstallStateMapping
2016-04-29 11:38:29, Info                  DISM   DISM Package Manager: PID=6440 TID=7700 Package Microsoft-Windows-LanguageFeatures-Speech-en-us-Package~31bf3856ad364e35~amd64~~10.0.14316.1000 with CBS state 7(CbsInstallStateInstalled) being mapped to dism state 5(DISM_INSTALL_STATE_INSTALLED) - CDISMPackage::LogInstallStateMapping
2016-04-29 11:38:29, Info                  DISM   DISM Package Manager: PID=6440 TID=7700 Package Microsoft-Windows-LanguageFeatures-TextToSpeech-en-us-Package~31bf3856ad364e35~amd64~~10.0.14316.1000 with CBS state 7(CbsInstallStateInstalled) being mapped to dism state 5(DISM_INSTALL_STATE_INSTALLED) - CDISMPackage::LogInstallStateMapping
2016-04-29 11:38:29, Info                  DISM   DISM Package Manager: PID=6440 TID=7700 Package Microsoft-Windows-NetFx3-OnDemand-Package~31bf3856ad364e35~amd64~~10.0.14316.1000 with CBS state 7(CbsInstallStateInstalled) being mapped to dism state 5(DISM_INSTALL_STATE_INSTALLED) - CDISMPackage::LogInstallStateMapping
2016-04-29 11:38:29, Info                  DISM   DISM Package Manager: PID=6440 TID=7700 Package Microsoft-Windows-Product-Data-Package~31bf3856ad364e35~amd64~~10.0.14316.1000 with CBS state 7(CbsInstallStateInstalled) being mapped to dism state 5(DISM_INSTALL_STATE_INSTALLED) - CDISMPackage::LogInstallStateMapping
2016-04-29 11:38:29, Info                  DISM   DISM Package Manager: PID=6440 TID=7700 Package Microsoft-Windows-ProfessionalEdition~31bf3856ad364e35~amd64~~10.0.14316.1000 with CBS state 7(CbsInstallStateInstalled) being mapped to dism state 5(DISM_INSTALL_STATE_INSTALLED) - CDISMPackage::LogInstallStateMapping
2016-04-29 11:38:29, Info                  DISM   DISM Package Manager: PID=6440 TID=7700 Package Microsoft-Windows-QuickAssist-Package~31bf3856ad364e35~amd64~~10.0.14316.1000 with CBS state 7(CbsInstallStateInstalled) being mapped to dism state 5(DISM_INSTALL_STATE_INSTALLED) - CDISMPackage::LogInstallStateMapping
2016-04-29 11:38:29, Info                  DISM   DISM Package Manager: PID=6440 TID=7700 Service Pack Cleanup: No Service Pack to scavenge  - CDISMPackageManager::SPScavengeable
2016-04-29 11:38:29, Info                  DISM   API: PID=524 TID=7672 Superseded Service Packs 0  - CGetUsedSpaceCommandObject::InternalExecute
2016-04-29 11:38:29, Info                  DISM   API: PID=524 TID=7580 Exit DismGetUsedSpaceInternal - DismGetUsedSpaceInternal
2016-04-29 11:38:51, Info                  DISM   API: PID=524 TID=7580 Enter DismGetUsedSpaceInternal - DismGetUsedSpaceInternal
2016-04-29 11:38:51, Info                  DISM   API: PID=524 TID=7580 Input parameters: Session: 2, Type: 1,  - DismGetUsedSpaceInternal
2016-04-29 11:38:51, Info                  DISM   API: PID=524 TID=7580 Successfully enqueued command object - CCommandThread::EnqueueCommandObject
2016-04-29 11:38:51, Info                  DISM   API: PID=524 TID=7672 ExecuteLoop: CommandQueue signaled - CCommandThread::ExecuteLoop
2016-04-29 11:38:51, Info                  DISM   API: PID=524 TID=7672 Successfully dequeued command object - CCommandThread::DequeueCommandObject
2016-04-29 11:38:51, Info                  DISM   DISM Provider Store: PID=6440 TID=7700 Getting Provider DISM Package Manager - CDISMProviderStore::GetProvider
2016-04-29 11:38:51, Info                  DISM   DISM Provider Store: PID=6440 TID=7700 Provider has previously been initialized.  Returning the existing instance. - CDISMProviderStore::Internal_GetProvider
2016-04-29 11:38:55, Info                  DISM   API: PID=524 TID=7580 Exit DismGetUsedSpaceInternal - DismGetUsedSpaceInternal
2016-04-29 11:39:00, Info                  DISM   API: PID=524 TID=7580 Enter DismCloseSessionInternal - DismCloseSessionInternal
2016-04-29 11:39:00, Info                  DISM   API: PID=524 TID=7580 Input parameters: Session: 2 - DismCloseSessionInternal
2016-04-29 11:39:00, Info                  DISM   API: PID=524 TID=7580 GetReferenceCount hr: 0x0 - CSessionTable::RemoveSession
2016-04-29 11:39:00, Info                  DISM   API: PID=524 TID=7580 Refcount for DismSession= 2s 1 - CSessionTable::RemoveSession
2016-04-29 11:39:00, Info                  DISM   API: PID=524 TID=7580 Leave DismCloseSessionInternal - DismCloseSessionInternal
2016-04-29 11:39:00, Info                  DISM   API: PID=524 TID=7580 DismShutdown: 1 - DismShutdownInternal
2016-04-29 11:39:00, Info                  DISM   API: PID=524 TID=7580 Enter DismCloseSessionInternal - DismCloseSessionInternal
2016-04-29 11:39:00, Info                  DISM   API: PID=524 TID=7580 Input parameters: Session: 2 - DismCloseSessionInternal
2016-04-29 11:39:00, Info                  DISM   API: PID=524 TID=7580 GetReferenceCount hr: 0x0 - CSessionTable::RemoveSession
2016-04-29 11:39:00, Info                  DISM   API: PID=524 TID=7580 Refcount for DismSession= 2s 0 - CSessionTable::RemoveSession
2016-04-29 11:39:00, Info                  DISM   API: PID=524 TID=7580 Successfully enqueued command object - CCommandThread::EnqueueCommandObject
2016-04-29 11:39:00, Info                  DISM   API: PID=524 TID=7672 ExecuteLoop: CommandQueue signaled - CCommandThread::ExecuteLoop
2016-04-29 11:39:00, Info                  DISM   API: PID=524 TID=7672 Successfully dequeued command object - CCommandThread::DequeueCommandObject
2016-04-29 11:39:00, Info                  DISM   API: PID=524 TID=7672 ExecuteLoop: Cancel signaled - CCommandThread::ExecuteLoop
2016-04-29 11:39:00, Info                  DISM   API: PID=524 TID=7672 Leave CCommandThread::ExecuteLoop - CCommandThread::ExecuteLoop
2016-04-29 11:39:00, Info                  DISM   DISM Provider Store: PID=6440 TID=7700 Found the OSServices.  Waiting to finalize it until all other providers are unloaded. - CDISMProviderStore::Final_OnDisconnect
2016-04-29 11:39:00, Info                  DISM   DISM Provider Store: PID=6440 TID=7700 Found the OSServices.  Waiting to finalize it until all other providers are unloaded. - CDISMProviderStore::Final_OnDisconnect
2016-04-29 11:39:00, Info                  DISM   DISM Provider Store: PID=6440 TID=7700 Found the PE Provider.  Waiting to finalize it until all other providers are unloaded. - CDISMProviderStore::Final_OnDisconnect
2016-04-29 11:39:00, Info                  DISM   DISM Provider Store: PID=6440 TID=7700 Finalizing the servicing provider(DISM Package Manager) - CDISMProviderStore::Internal_DisconnectProvider
2016-04-29 11:39:00, Info                  DISM   DISM Package Manager: PID=6440 TID=7700 Finalizing CBS core. - CDISMPackageManager::Finalize
2016-04-29 11:39:00, Info                  DISM   DISM Provider Store: PID=6440 TID=7700 Disconnecting Provider: DISM Package Manager - CDISMProviderStore::Internal_DisconnectProvider
2016-04-29 11:39:00, Info                  DISM   DISM Provider Store: PID=6440 TID=7700 Releasing the local reference to OSServices. - CDISMProviderStore::Internal_DisconnectProvider
2016-04-29 11:39:00, Info                  DISM   DISM Provider Store: PID=6440 TID=7700 Disconnecting Provider: OSServices - CDISMProviderStore::Internal_DisconnectProvider
2016-04-29 11:39:00, Info                  DISM   DISM Provider Store: PID=6440 TID=7700 Releasing the local reference to DISMLogger.  Stop logging. - CDISMProviderStore::Internal_DisconnectProvider
2016-04-29 11:39:00, Info                  DISM   DISM Manager: PID=524 TID=7672 Closing session event handle 0x538 - CDISMManager::CloseImageSession
2016-04-29 11:39:01, Info                  DISM   DISM Provider Store: PID=524 TID=7672 Found the OSServices.  Waiting to finalize it until all other providers are unloaded. - CDISMProviderStore::Final_OnDisconnect
2016-04-29 11:39:01, Info                  DISM   DISM Provider Store: PID=524 TID=7672 Disconnecting Provider: FolderManager - CDISMProviderStore::Internal_DisconnectProvider
2016-04-29 11:39:01, Info                  DISM   DISM Provider Store: PID=524 TID=7672 Disconnecting Provider: WimManager - CDISMProviderStore::Internal_DisconnectProvider
2016-04-29 11:39:01, Info                  DISM   DISM Provider Store: PID=524 TID=7672 Disconnecting Provider: VHDManager - CDISMProviderStore::Internal_DisconnectProvider
2016-04-29 11:39:01, Info                  DISM   DISM Provider Store: PID=524 TID=7672 Disconnecting Provider: GenericImagingManager - CDISMProviderStore::Internal_DisconnectProvider
2016-04-29 11:39:01, Info                  DISM   DISM Provider Store: PID=524 TID=7672 Disconnecting Provider: Compatibility Manager - CDISMProviderStore::Internal_DisconnectProvider
2016-04-29 11:39:01, Info                  DISM   DISM Provider Store: PID=524 TID=7672 Disconnecting Provider: FfuManager - CDISMProviderStore::Internal_DisconnectProvider
2016-04-29 11:39:01, Info                  DISM   DISM Provider Store: PID=524 TID=7672 Releasing the local reference to DISMLogger.  Stop logging. - CDISMProviderStore::Internal_DisconnectProvider
2016-04-29 11:39:01, Info                  DISM   API: PID=524 TID=7672 Leave CCommandThread::CommandThreadProcedureStub - CCommandThread::CommandThreadProcedureStub
2016-04-29 11:39:01, Info                  DISM   API: PID=524 TID=7580 Leave DismCloseSessionInternal - DismCloseSessionInternal
2016-04-29 11:39:01, Info                  DISM   API: PID=524 TID=7580 Enter DismShutdownInternal - DismShutdownInternal
2016-04-29 11:39:01, Info                  DISM   API: PID=524 TID=7580 GetReferenceCount hr: 0x0 - CSessionTable::RemoveSession
2016-04-29 11:39:01, Info                  DISM   API: PID=524 TID=7580 Refcount for DismSession= 1s 0 - CSessionTable::RemoveSession
2016-04-29 11:39:01, Info                  DISM   API: PID=524 TID=7580 Successfully enqueued command object - CCommandThread::EnqueueCommandObject
2016-04-29 11:39:01, Info                  DISM   API: PID=524 TID=5868 ExecuteLoop: CommandQueue signaled - CCommandThread::ExecuteLoop
2016-04-29 11:39:01, Info                  DISM   API: PID=524 TID=5868 Successfully dequeued command object - CCommandThread::DequeueCommandObject
2016-04-29 11:39:01, Info                  DISM   API: PID=524 TID=5868 ExecuteLoop: Cancel signaled - CCommandThread::ExecuteLoop
2016-04-29 11:39:01, Info                  DISM   API: PID=524 TID=5868 Leave CCommandThread::ExecuteLoop - CCommandThread::ExecuteLoop
2016-04-29 11:39:01, Info                  DISM   PID=524 TID=5868 Temporarily setting the scratch directory. This may be overridden by user later. - CDISMManager::FinalConstruct
2016-04-29 11:39:01, Info                  DISM   PID=524 TID=5868 Scratch directory set to 'C:\Users\Chris\AppData\Local\Temp\'. - CDISMManager::put_ScratchDir
2016-04-29 11:39:01, Info                  DISM   PID=524 TID=5868 DismCore.dll version: 10.0.14316.1000 - CDISMManager::FinalConstruct
2016-04-29 11:39:01, Info                  DISM   API: PID=524 TID=5868 Leave CCommandThread::CommandThreadProcedureStub - CCommandThread::CommandThreadProcedureStub
2016-04-29 11:39:01, Info                  DISM   API: PID=524 TID=7580 Deleted g_internalDismSession - DismShutdownInternal
2016-04-29 11:39:01, Info                  DISM   API: PID=524 TID=7580 Shutdown SessionTable - DismShutdownInternal
2016-04-29 11:39:01, Info                  DISM   API: PID=524 TID=7580 Leave DismShutdownInternal - DismShutdownInternal
2016-04-29 11:39:01, Info                  DISM   API: PID=524 TID=7580 DismApi.dll:                                          - DismShutdownInternal
2016-04-29 11:39:01, Info                  DISM   API: PID=524 TID=7580 DismApi.dll: <----- Ending DismApi.dll session -----> - DismShutdownInternal
2016-04-29 11:39:01, Info                  DISM   API: PID=524 TID=7580 DismApi.dll:                                          - DismShutdownInternal
